TN:Elixir.Collectable.MBTAV3API.Stream.State
SF:lib/mbta_v3_api/stream/state.ex
FNDA:0,__impl__/1
FNDA:7,into/1
FNF:2
FNH:1
DA:99,7
DA:101,7
DA:103,7
DA:104,20
DA:105,7
DA:106,0
LF:6
LH:5
end_of_record
TN:Elixir.Jason.Encoder.MBTAV3API.Alert
SF:lib/mbta_v3_api/alert.ex
FNDA:0,__impl__/1
FNDA:1,encode/2
FNF:2
FNH:1
LF:0
LH:0
end_of_record
TN:Elixir.Jason.Encoder.MBTAV3API.Alert.ActivePeriod
SF:lib/mbta_v3_api/alert/active_period.ex
FNDA:0,__impl__/1
FNDA:1,encode/2
FNF:2
FNH:1
LF:0
LH:0
end_of_record
TN:Elixir.Jason.Encoder.MBTAV3API.Alert.InformedEntity
SF:lib/mbta_v3_api/alert/informed_entity.ex
FNDA:0,__impl__/1
FNDA:11,encode/2
FNF:2
FNH:1
LF:0
LH:0
end_of_record
TN:Elixir.Jason.Encoder.MBTAV3API.JsonApi
SF:lib/mbta_v3_api/json_api.ex
FNDA:0,__impl__/1
FNDA:0,encode/2
FNF:2
FNH:0
LF:0
LH:0
end_of_record
TN:Elixir.Jason.Encoder.MBTAV3API.JsonApi.Error
SF:lib/mbta_v3_api/json_api.ex
FNDA:0,__impl__/1
FNDA:0,encode/2
FNF:2
FNH:0
LF:0
LH:0
end_of_record
TN:Elixir.Jason.Encoder.MBTAV3API.JsonApi.Item
SF:lib/mbta_v3_api/json_api.ex
FNDA:0,__impl__/1
FNDA:0,encode/2
FNF:2
FNH:0
LF:0
LH:0
end_of_record
TN:Elixir.Jason.Encoder.MBTAV3API.JsonApi.Reference
SF:lib/mbta_v3_api/json_api.ex
FNDA:0,__impl__/1
FNDA:0,encode/2
FNF:2
FNH:0
LF:0
LH:0
end_of_record
TN:Elixir.Jason.Encoder.MBTAV3API.Prediction
SF:lib/mbta_v3_api/prediction.ex
FNDA:0,__impl__/1
FNDA:0,encode/2
FNF:2
FNH:0
LF:0
LH:0
end_of_record
TN:Elixir.Jason.Encoder.MBTAV3API.Route
SF:lib/mbta_v3_api/route.ex
FNDA:0,__impl__/1
FNDA:53,encode/2
FNF:2
FNH:1
LF:0
LH:0
end_of_record
TN:Elixir.Jason.Encoder.MBTAV3API.RoutePattern
SF:lib/mbta_v3_api/route_pattern.ex
FNDA:0,__impl__/1
FNDA:53,encode/2
FNF:2
FNH:1
LF:0
LH:0
end_of_record
TN:Elixir.Jason.Encoder.MBTAV3API.Stop
SF:lib/mbta_v3_api/stop.ex
FNDA:0,__impl__/1
FNDA:50,encode/2
FNF:2
FNH:1
LF:0
LH:0
end_of_record
TN:Elixir.Jason.Encoder.MBTAV3API.Trip
SF:lib/mbta_v3_api/trip.ex
FNDA:0,__impl__/1
FNDA:0,encode/2
FNF:2
FNH:0
LF:0
LH:0
end_of_record
TN:Elixir.Jason.Encoder.MobileAppBackend.Search.Algolia.RouteResult
SF:lib/mobile_app_backend/search/algolia/route_result.ex
FNDA:0,__impl__/1
FNDA:1,encode/2
FNF:2
FNH:1
LF:0
LH:0
end_of_record
TN:Elixir.Jason.Encoder.MobileAppBackend.Search.Algolia.StopResult
SF:lib/mobile_app_backend/search/algolia/stop_result.ex
FNDA:0,__impl__/1
FNDA:1,encode/2
FNF:2
FNH:1
LF:0
LH:0
end_of_record
TN:Elixir.MBTAV3API
SF:lib/mbta_v3_api.ex
FNDA:29,default_options/0
FNDA:6,default_stream_options/0
FNDA:4,get_json/1
FNDA:0,get_json/2
FNDA:1,get_json/3
FNDA:0,log_body/1
FNDA:23,log_response/4
FNDA:2,log_response_error/3
FNDA:22,maybe_log_parse_error/4
FNDA:0,start_stream/1
FNDA:0,start_stream/2
FNDA:6,start_stream/3
FNDA:23,timed_get/3
FNF:13
FNH:9
DA:10,4
DA:11,23
DA:12,23
DA:13,0
DA:16,23
DA:17,23
DA:19,23
DA:20,23
DA:21,23
DA:24,22
DA:27,1
DA:31,0
DA:38,0
DA:39,6
DA:40,6
DA:41,0
DA:44,6
DA:45,6
DA:46,6
DA:47,6
DA:48,6
DA:49,6
DA:51,6
DA:57,6
DA:66,23
DA:67,23
DA:68,23
DA:69,23
DA:71,23
DA:85,23
DA:94,1
DA:99,21
DA:104,23
DA:105,0
DA:106,0
DA:108,0
DA:109,0
DA:112,23
DA:118,2
DA:119,0
DA:120,0
DA:123,2
DA:128,0
DA:132,0
DA:135,29
DA:145,6
LF:46
LH:34
end_of_record
TN:Elixir.MBTAV3API.Alert
SF:lib/mbta_v3_api/alert.ex
FNDA:8,__struct__/0
FNDA:8,__struct__/1
FNDA:0,active?/1
FNDA:10,active?/2
FNDA:5,fields/0
FNDA:5,get_all/1
FNDA:5,get_all/2
FNDA:0,includes/0
FNDA:9,parse/1
FNDA:9,parse_effect/1
FNDA:9,parse_lifecycle/1
FNDA:0,serialize_effect/1
FNDA:53,serialize_filter_value/2
FNDA:3,serialize_lifecycle/1
FNF:14
FNH:11
DA:18,9
DA:56,9
DA:62,8
DA:65,5
DA:68,0
DA:71,0
DA:72,3
DA:73,50
DA:76,5
DA:77,5
DA:79,5
DA:80,5
DA:81,0
DA:86,0
DA:87,10
DA:88,21
DA:89,12
DA:90,9
DA:91,8
DA:92,4
DA:99,9
DA:100,9
DA:101,9
DA:102,9
DA:103,9
DA:104,9
DA:105,9
LF:27
LH:23
end_of_record
TN:Elixir.MBTAV3API.Alert.ActivePeriod
SF:lib/mbta_v3_api/alert/active_period.ex
FNDA:9,__struct__/0
FNDA:9,__struct__/1
FNDA:278,parse/1
FNF:3
FNH:3
DA:5,9
DA:9,278
LF:2
LH:2
end_of_record
TN:Elixir.MBTAV3API.Alert.InformedEntity
SF:lib/mbta_v3_api/alert/informed_entity.ex
FNDA:3,__struct__/0
FNDA:3,__struct__/1
FNDA:58,parse/1
FNDA:168,parse_activity/1
FNDA:0,serialize_activity/1
FNF:5
FNH:4
DA:14,168
DA:32,3
DA:36,58
DA:42,0
DA:43,58
LF:5
LH:4
end_of_record
TN:Elixir.MBTAV3API.Headers
SF:lib/mbta_v3_api/headers.ex
FNDA:31,api_key_header/2
FNDA:31,build/1
FNF:2
FNH:2
DA:11,31
DA:15,18
DA:18,13
LF:3
LH:3
end_of_record
TN:Elixir.MBTAV3API.JsonApi
SF:lib/mbta_v3_api/json_api.ex
FNDA:20,__struct__/0
FNDA:12,__struct__/1
FNDA:1,empty/0
FNDA:1780,load_relationships/3
FNDA:6561,load_single_relationship/3
FNDA:1762,map_values/2
FNDA:3942,match_included/2
FNDA:1,merge/2
FNDA:52,parse/1
FNDA:72,parse_data/1
FNDA:4075,parse_data_item/3
FNDA:2,parse_error/1
FNDA:2,parse_errors/1
FNDA:48,parse_included/1
FNDA:47,parse_links/1
FNF:15
FNH:15
DA:53,20
DA:62,1
DA:70,1
DA:71,1
DA:72,1
DA:78,52
DA:79,51
DA:80,48
DA:89,2
DA:96,3
DA:97,4
DA:101,44
DA:107,30
DA:108,115
DA:112,18
DA:116,2
DA:122,8
DA:127,13
DA:130,1
DA:139,2084
DA:140,304
DA:142,1780
DA:152,1991
DA:159,18
DA:164,1762
DA:169,1762
DA:172,1
DA:178,1480
DA:179,1480
DA:180,68
DA:184,2462
DA:185,0
DA:186,2462
DA:190,2618
DA:194,0
DA:199,3942
DA:203,48
DA:205,48
DA:207,0
DA:208,30
DA:209,18
DA:214,48
DA:220,2
DA:224,2
DA:228,2
LF:45
LH:42
end_of_record
TN:Elixir.MBTAV3API.JsonApi.Error
SF:lib/mbta_v3_api/json_api.ex
FNDA:4,__struct__/0
FNDA:0,__struct__/1
FNF:2
FNH:1
DA:37,4
LF:1
LH:1
end_of_record
TN:Elixir.MBTAV3API.JsonApi.FilterValue
SF:lib/mbta_v3_api/json_api/filter_value.ex
FNDA:0,__protocol__/1
FNDA:0,filter_value_string/1
FNDA:282,filter_value_string/2
FNDA:282,impl_for/1
FNDA:282,impl_for!/1
FNDA:0,struct_impl_for/1
FNF:6
FNH:3
DA:1,282
DA:7,282
LF:2
LH:2
end_of_record
TN:Elixir.MBTAV3API.JsonApi.FilterValue.Atom
SF:lib/mbta_v3_api/json_api/filter_value.ex
FNDA:46,__impl__/1
FNDA:46,filter_value_string/2
FNF:2
FNH:2
DA:19,2
DA:22,44
LF:2
LH:2
end_of_record
TN:Elixir.MBTAV3API.JsonApi.FilterValue.BitString
SF:lib/mbta_v3_api/json_api/filter_value.ex
FNDA:117,__impl__/1
FNDA:117,filter_value_string/2
FNF:2
FNH:2
DA:11,66
DA:14,51
LF:2
LH:2
end_of_record
TN:Elixir.MBTAV3API.JsonApi.FilterValue.Float
SF:lib/mbta_v3_api/json_api/filter_value.ex
FNDA:50,__impl__/1
FNDA:50,filter_value_string/2
FNF:2
FNH:2
DA:19,25
DA:22,25
LF:2
LH:2
end_of_record
TN:Elixir.MBTAV3API.JsonApi.FilterValue.Integer
SF:lib/mbta_v3_api/json_api/filter_value.ex
FNDA:42,__impl__/1
FNDA:42,filter_value_string/2
FNF:2
FNH:2
DA:19,41
DA:22,1
LF:2
LH:2
end_of_record
TN:Elixir.MBTAV3API.JsonApi.FilterValue.List
SF:lib/mbta_v3_api/json_api/filter_value.ex
FNDA:27,__impl__/1
FNDA:27,filter_value_string/2
FNF:2
FNH:2
DA:28,27
LF:1
LH:1
end_of_record
TN:Elixir.MBTAV3API.JsonApi.Item
SF:lib/mbta_v3_api/json_api.ex
FNDA:27,__struct__/0
FNDA:27,__struct__/1
FNF:2
FNH:2
DA:7,27
LF:1
LH:1
end_of_record
TN:Elixir.MBTAV3API.JsonApi.Object
SF:lib/mbta_v3_api/json_api/object.ex
FNDA:16,MACRO-is_json_object/2
FNDA:1762,module_for/1
FNDA:2385,parse/1
FNDA:1589,parse_many_related/1
FNDA:1721,parse_one_related/1
FNF:5
FNH:5
DA:16,45
DA:17,1483
DA:52,16
DA:56,1628
DA:57,757
DA:62,9
DA:63,842
DA:64,869
DA:65,1
DA:70,1521
DA:71,68
LF:11
LH:11
end_of_record
TN:Elixir.MBTAV3API.JsonApi.Params
SF:lib/mbta_v3_api/json_api/params.ex
FNDA:57,fields/3
FNDA:34,filter/2
FNDA:49,flat_include/1
FNDA:34,flatten_params/2
FNDA:34,include/1
FNDA:74,included_types/2
FNDA:34,sort/1
FNF:7
FNH:7
DA:42,34
DA:52,23
DA:55,11
DA:58,10
DA:59,1
DA:60,11
DA:68,57
DA:70,34
DA:73,12
DA:75,40
DA:76,40
DA:80,13
DA:81,13
DA:85,9
DA:89,12
DA:92,22
DA:96,27
DA:101,13
DA:105,9
DA:109,9
DA:112,25
DA:113,25
DA:115,25
DA:116,60
DA:119,11
DA:120,49
LF:26
LH:26
end_of_record
TN:Elixir.MBTAV3API.JsonApi.Reference
SF:lib/mbta_v3_api/json_api.ex
FNDA:32,__struct__/0
FNDA:22,__struct__/1
FNF:2
FNH:2
DA:23,32
LF:1
LH:1
end_of_record
TN:Elixir.MBTAV3API.Prediction
SF:lib/mbta_v3_api/prediction.ex
FNDA:10,__struct__/0
FNDA:8,__struct__/1
FNDA:5,fields/0
FNDA:5,includes/0
FNDA:12,parse/1
FNDA:12,parse_revenue_status/1
FNDA:12,parse_schedule_relationship/1
FNDA:0,serialize_schedule_relationship/1
FNDA:5,stream_all/1
FNDA:5,stream_all/2
FNF:10
FNH:9
DA:18,12
DA:27,10
DA:39,5
DA:51,5
DA:55,5
DA:56,5
DA:57,5
DA:59,5
DA:64,12
DA:65,12
DA:66,12
DA:67,12
DA:68,12
DA:69,12
DA:71,12
DA:72,12
DA:73,12
DA:74,12
DA:79,0
DA:80,0
DA:81,12
LF:21
LH:19
end_of_record
TN:Elixir.MBTAV3API.Route
SF:lib/mbta_v3_api/route.ex
FNDA:17,__struct__/0
FNDA:6,__struct__/1
FNDA:8,fields/0
FNDA:0,includes/0
FNDA:60,parse/1
FNDA:112,parse_type/1
FNDA:0,serialize_filter_value/2
FNDA:22,serialize_type/1
FNF:8
FNH:6
DA:19,112
DA:25,17
DA:38,8
DA:51,0
DA:54,0
DA:55,0
DA:59,60
DA:60,60
DA:62,60
DA:63,54
DA:65,60
DA:66,60
DA:67,60
DA:68,60
DA:69,60
DA:70,60
DA:71,60
LF:17
LH:14
end_of_record
TN:Elixir.MBTAV3API.RoutePattern
SF:lib/mbta_v3_api/route_pattern.ex
FNDA:11,__struct__/0
FNDA:6,__struct__/1
FNDA:8,fields/0
FNDA:4,get_all/1
FNDA:4,get_all/2
FNDA:13,includes/0
FNDA:59,parse/1
FNF:7
FNH:7
DA:16,11
DA:19,8
DA:22,13
DA:25,4
DA:26,4
DA:28,4
DA:29,4
DA:30,0
DA:36,59
DA:37,59
DA:38,59
DA:39,59
DA:40,59
DA:42,59
DA:43,59
LF:15
LH:14
end_of_record
TN:Elixir.MBTAV3API.Stop
SF:lib/mbta_v3_api/stop.ex
FNDA:54,__struct__/0
FNDA:23,__struct__/1
FNDA:18,fields/0
FNDA:8,get_all/1
FNDA:8,get_all/2
FNDA:5,include_missing_siblings/1
FNDA:17,includes/0
FNDA:2,parent/1
FNDA:1515,parse/1
FNDA:285,parse_location_type/1
FNDA:68,serialize_filter_value/2
FNDA:18,serialize_location_type/1
FNF:12
FNH:12
DA:17,285
DA:25,54
DA:27,1
DA:28,1
DA:31,18
DA:35,17
DA:42,22
DA:46,18
DA:49,28
DA:52,8
DA:53,8
DA:55,8
DA:56,8
DA:57,0
DA:63,1515
DA:64,1515
DA:65,1515
DA:66,1515
DA:67,1515
DA:69,1515
DA:70,285
DA:72,1515
DA:73,1515
DA:79,5
DA:82,32
DA:83,14
DA:85,5
DA:88,6
DA:90,72
DA:91,67
DA:92,5
DA:95,18
DA:97,5
DA:99,50
DA:100,50
DA:104,50
DA:106,32
LF:37
LH:36
end_of_record
TN:Elixir.MBTAV3API.Stream.Consumer
SF:lib/mbta_v3_api/stream/consumer.ex
FNDA:10,handle_events/3
FNDA:8,init/1
FNDA:8,start_link/1
FNF:3
FNH:3
DA:16,8
DA:21,8
DA:23,8
DA:29,8
DA:34,10
DA:36,10
DA:37,10
DA:38,10
DA:40,10
LF:9
LH:9
end_of_record
TN:Elixir.MBTAV3API.Stream.Consumer.State
SF:lib/mbta_v3_api/stream/consumer.ex
FNDA:0,__struct__/0
FNDA:0,__struct__/1
FNF:2
FNH:0
DA:12,0
LF:1
LH:0
end_of_record
TN:Elixir.MBTAV3API.Stream.Instance
SF:lib/mbta_v3_api/stream/instance.ex
FNDA:7,init/1
FNDA:0,shutdown/1
FNDA:1,shutdown/2
FNDA:7,start_link/1
FNF:4
FNH:3
DA:15,7
DA:19,0
DA:20,1
DA:25,7
DA:27,7
DA:28,7
DA:29,7
DA:30,7
DA:32,7
DA:39,7
LF:10
LH:9
end_of_record
TN:Elixir.MBTAV3API.Stream.Registry
SF:lib/mbta_v3_api/stream/registry.ex
FNDA:1,child_spec/1
FNDA:14,via_name/1
FNF:2
FNH:2
DA:3,1
DA:6,14
LF:2
LH:2
end_of_record
TN:Elixir.MBTAV3API.Stream.State
SF:lib/mbta_v3_api/stream/state.ex
FNDA:4,__struct__/0
FNDA:4,__struct__/1
FNDA:14,apply_events/2
FNDA:18,fetch/2
FNDA:36,get_and_update/3
FNDA:19,new/0
FNDA:0,pop/2
FNDA:63,resolve_references/2
FNDA:10,values_of_type/2
FNF:9
FNH:8
DA:17,4
DA:22,19
DA:26,14
DA:28,19
DA:29,19
DA:31,19
DA:33,7
DA:36,5
DA:37,5
DA:40,3
DA:41,3
DA:44,4
DA:45,4
DA:46,4
DA:47,4
DA:53,10
DA:56,8
DA:57,4
DA:58,4
DA:63,8
DA:67,55
DA:68,8
DA:72,0
DA:80,47
DA:83,18
DA:84,18
DA:89,36
DA:95,0
LF:28
LH:26
end_of_record
TN:Elixir.MBTAV3API.Stream.Supervisor
SF:lib/mbta_v3_api/stream/supervisor.ex
FNDA:1,init/1
FNDA:6,start_instance/1
FNDA:1,start_link/1
FNF:3
FNH:3
DA:7,1
DA:16,6
DA:21,1
LF:3
LH:3
end_of_record
TN:Elixir.MBTAV3API.Supervisor
SF:lib/mbta_v3_api/supervisor.ex
FNDA:1,init/1
FNDA:1,start_link/1
FNF:2
FNH:2
DA:5,1
DA:10,1
DA:15,1
LF:3
LH:3
end_of_record
TN:Elixir.MBTAV3API.Trip
SF:lib/mbta_v3_api/trip.ex
FNDA:6,__struct__/0
FNDA:5,__struct__/1
FNDA:13,fields/0
FNDA:5,includes/0
FNDA:71,parse/1
FNF:5
FNH:5
DA:13,6
DA:15,13
DA:17,5
DA:21,71
DA:22,71
DA:23,71
DA:24,71
LF:7
LH:7
end_of_record
TN:Elixir.Mix.Tasks.UpdateTestData
SF:lib/mix/tasks/update_test_data.ex
FNDA:0,run/1
FNF:1
FNH:0
DA:15,0
DA:17,0
DA:19,0
DA:21,0
DA:22,0
DA:25,0
LF:6
LH:0
end_of_record
TN:Elixir.MobileAppBackend
SF:lib/mobile_app_backend.ex
FNF:0
FNH:0
LF:0
LH:0
end_of_record
TN:Elixir.MobileAppBackend.Application
SF:lib/mobile_app_backend/application.ex
FNDA:0,config_change/3
FNDA:1,start/2
FNF:2
FNH:1
DA:10,1
DA:13,1
DA:22,1
DA:23,1
DA:30,0
LF:5
LH:4
end_of_record
TN:Elixir.MobileAppBackend.HTTP
SF:lib/mobile_app_backend/http.ex
FNDA:24,request/1
FNF:1
FNH:1
DA:6,24
LF:1
LH:1
end_of_record
TN:Elixir.MobileAppBackend.SSE
SF:lib/mobile_app_backend/sse.ex
FNDA:7,child_spec/1
FNF:1
FNH:1
DA:3,7
LF:1
LH:1
end_of_record
TN:Elixir.MobileAppBackend.Search.Algolia.Api
SF:lib/mobile_app_backend/search/algolia/api.ex
FNDA:10,encode_query_payload/1
FNDA:5,headers/0
FNDA:0,make_request/3
FNDA:2,multi_index_search/1
FNDA:5,multi_index_url/0
FNDA:5,multi_query_encoded_payload/1
FNDA:3,parse_results/1
FNF:7
FNH:6
DA:17,5
DA:24,5
DA:26,5
DA:27,5
DA:28,4
DA:29,3
DA:32,2
DA:38,0
DA:41,2
DA:43,2
DA:46,2
DA:47,2
DA:49,2
DA:50,1
DA:53,1
DA:59,1
DA:64,5
DA:66,5
DA:72,10
DA:73,10
DA:74,10
DA:79,5
DA:80,0
DA:81,5
DA:87,5
DA:88,5
DA:89,5
DA:91,5
LF:28
LH:26
end_of_record
TN:Elixir.MobileAppBackend.Search.Algolia.Index
SF:lib/mobile_app_backend/search/algolia/index.ex
FNDA:22,index_name/1
FNDA:2,valid_index_name?/1
FNF:2
FNH:2
DA:7,10
DA:11,12
DA:16,2
LF:3
LH:3
end_of_record
TN:Elixir.MobileAppBackend.Search.Algolia.QueryPayload
SF:lib/mobile_app_backend/search/algolia/query_payload.ex
FNDA:2,__struct__/0
FNDA:2,__struct__/1
FNDA:17,for_index/2
FNDA:17,new/2
FNDA:17,with_hit_size/2
FNF:5
FNH:5
DA:15,2
DA:22,9
DA:28,8
DA:32,17
DA:33,17
DA:36,17
DA:46,17
DA:48,17
LF:8
LH:8
end_of_record
TN:Elixir.MobileAppBackend.Search.Algolia.RouteResult
SF:lib/mobile_app_backend/search/algolia/route_result.ex
FNDA:3,__struct__/0
FNDA:3,__struct__/1
FNDA:2,parse/1
FNF:3
FNH:3
DA:16,3
DA:20,2
LF:2
LH:2
end_of_record
TN:Elixir.MobileAppBackend.Search.Algolia.StopResult
SF:lib/mobile_app_backend/search/algolia/stop_result.ex
FNDA:3,__struct__/0
FNDA:3,__struct__/1
FNDA:2,parse/1
FNF:3
FNH:3
DA:17,3
DA:21,2
DA:28,2
LF:3
LH:3
end_of_record
TN:Elixir.MobileAppBackendWeb
SF:lib/mobile_app_backend_web.ex
FNDA:6,MACRO-__using__/2
FNDA:0,channel/0
FNDA:0,controller/0
FNDA:0,html/0
FNDA:0,html_helpers/0
FNDA:0,live_component/0
FNDA:0,live_view/0
FNDA:0,router/0
FNDA:6,static_paths/0
FNDA:6,verified_routes/0
FNF:10
FNH:3
DA:20,6
DA:111,6
LF:2
LH:2
end_of_record
TN:Elixir.MobileAppBackendWeb.ChannelCase
SF:test/support/channel_case.ex
FNDA:1,MACRO-__using__/2
FNDA:6,__ex_unit__/2
FNDA:5,__ex_unit_setup_0/1
FNF:3
FNH:3
DA:1,5
DA:20,1
DA:31,5
LF:3
LH:3
end_of_record
TN:Elixir.MobileAppBackendWeb.ConnCase
SF:test/support/conn_case.ex
FNDA:6,MACRO-__using__/2
FNDA:19,__ex_unit__/2
FNDA:13,__ex_unit_setup_0/1
FNF:3
FNH:3
DA:1,13
DA:20,6
DA:34,13
LF:3
LH:3
end_of_record
TN:Elixir.MobileAppBackendWeb.CoreComponents
SF:lib/mobile_app_backend_web/components/core_components.ex
FNDA:0,__components__/0
FNDA:0,__phoenix_component_verify__/1
FNDA:0,back/1
FNDA:0,back (overridable 1)/1
FNDA:0,button/1
FNDA:0,button (overridable 1)/1
FNDA:0,error/1
FNDA:0,error (overridable 1)/1
FNDA:4,flash/1
FNDA:4,flash (overridable 1)/1
FNDA:1,flash_group/1
FNDA:1,flash_group (overridable 1)/1
FNDA:0,header/1
FNDA:0,header (overridable 1)/1
FNDA:2,hide/1
FNDA:4,hide/2
FNDA:0,hide_modal/1
FNDA:0,hide_modal/2
FNDA:6,icon/1
FNDA:6,icon (overridable 1)/1
FNDA:0,input/1
FNDA:0,input (overridable 1)/1
FNDA:0,label/1
FNDA:0,label (overridable 1)/1
FNDA:0,list/1
FNDA:0,list (overridable 1)/1
FNDA:0,modal/1
FNDA:0,modal (overridable 1)/1
FNDA:2,show/1
FNDA:2,show/2
FNDA:0,show_modal/1
FNDA:0,show_modal/2
FNDA:0,simple_form/1
FNDA:0,simple_form (overridable 1)/1
FNDA:0,table/1
FNDA:0,table (overridable 1)/1
FNDA:0,translate_error/1
FNDA:0,translate_errors/2
FNF:38
FNH:10
DA:1,6
DA:47,0
DA:48,0
DA:49,0
DA:50,0
DA:51,0
DA:52,0
DA:55,0
DA:58,0
DA:59,0
DA:66,0
DA:67,0
DA:68,0
DA:70,0
DA:74,0
DA:75,0
DA:78,0
DA:80,0
DA:83,0
DA:84,0
DA:111,4
DA:113,4
DA:114,2
DA:115,4
DA:116,2
DA:117,2
DA:121,2
DA:122,2
DA:124,2
DA:126,2
DA:127,2
DA:128,2
DA:129,2
DA:132,2
DA:133,2
DA:150,1
DA:151,1
DA:152,1
DA:153,1
DA:154,1
DA:162,1
DA:165,1
DA:174,1
DA:204,0
DA:205,0
DA:207,0
DA:208,0
DA:231,0
DA:232,0
DA:233,0
DA:237,0
DA:239,0
DA:241,0
DA:298,0
DA:299,0
DA:300,0
DA:301,0
DA:302,0
DA:306,0
DA:308,0
DA:311,0
DA:312,0
DA:314,0
DA:315,0
DA:317,0
DA:318,0
DA:320,0
DA:322,0
DA:324,0
DA:326,0
DA:332,0
DA:333,0
DA:334,0
DA:335,0
DA:336,0
DA:337,0
DA:339,0
DA:340,0
DA:342,0
DA:343,0
DA:345,0
DA:351,0
DA:352,0
DA:353,0
DA:354,0
DA:355,0
DA:356,0
DA:360,0
DA:361,0
DA:363,0
DA:364,0
DA:365,0
DA:372,0
DA:373,0
DA:374,0
DA:375,0
DA:376,0
DA:377,0
DA:378,0
DA:379,0
DA:383,0
DA:384,0
DA:386,0
DA:388,0
DA:400,0
DA:401,0
DA:402,0
DA:413,0
DA:415,0
DA:416,0
DA:431,0
DA:432,0
DA:435,0
DA:437,0
DA:438,0
DA:441,0
DA:472,0
DA:473,0
DA:474,0
DA:477,0
DA:482,0
DA:483,0
DA:484,0
DA:488,0
DA:489,0
DA:490,0
DA:493,0
DA:495,0
DA:496,0
DA:497,0
DA:501,0
DA:502,0
DA:506,0
DA:510,0
DA:513,0
DA:539,0
DA:542,0
DA:543,0
DA:562,0
DA:564,0
DA:565,0
DA:568,0
DA:569,0
DA:597,6
DA:598,6
DA:604,2
DA:605,2
DA:614,2
DA:615,4
DA:625,0
DA:627,0
DA:629,0
DA:632,0
DA:634,0
DA:637,0
DA:640,0
DA:643,0
DA:644,0
DA:646,0
DA:663,0
DA:664,0
DA:666,0
DA:674,0
LF:163
LH:30
end_of_record
TN:Elixir.MobileAppBackendWeb.Endpoint
SF:lib/mobile_app_backend_web/endpoint.ex
FNDA:2,__sockets__/0
FNDA:0,broadcast/3
FNDA:0,broadcast!/3
FNDA:0,broadcast_from/4
FNDA:0,broadcast_from!/4
FNDA:9,call/2
FNDA:9,call (overridable 2)/2
FNDA:9,do_socket_dispatch/2
FNDA:9,init/1
FNDA:0,local_broadcast/3
FNDA:0,local_broadcast_from/4
FNDA:9,plug_builder_call/2
FNDA:5,pubsub_server!/0
FNDA:9,socket_dispatch/2
FNDA:5,subscribe/1
FNDA:5,subscribe/2
FNDA:0,unsubscribe/1
FNF:17
FNH:10
DA:1,9
DA:2,9
LF:2
LH:2
end_of_record
TN:Elixir.MobileAppBackendWeb.ErrorHTML
SF:lib/mobile_app_backend_web/controllers/error_html.ex
FNDA:0,__components__/0
FNDA:0,__phoenix_verify_routes__/1
FNDA:2,render/2
FNF:3
FNH:1
DA:1,0
DA:17,2
LF:2
LH:1
end_of_record
TN:Elixir.MobileAppBackendWeb.ErrorJSON
SF:lib/mobile_app_backend_web/controllers/error_json.ex
FNDA:2,render/2
FNF:1
FNH:1
DA:13,2
LF:1
LH:1
end_of_record
TN:Elixir.MobileAppBackendWeb.Gettext
SF:lib/mobile_app_backend_web/gettext.ex
FNDA:0,MACRO-dgettext/3
FNDA:0,MACRO-dgettext/4
FNDA:0,MACRO-dgettext_noop/3
FNDA:0,MACRO-dngettext/5
FNDA:0,MACRO-dngettext/6
FNDA:0,MACRO-dngettext_noop/4
FNDA:0,MACRO-dpgettext/4
FNDA:0,MACRO-dpgettext/5
FNDA:0,MACRO-dpgettext_noop/4
FNDA:0,MACRO-dpngettext/6
FNDA:0,MACRO-dpngettext/7
FNDA:0,MACRO-dpngettext_noop/5
FNDA:0,MACRO-gettext/2
FNDA:0,MACRO-gettext/3
FNDA:0,MACRO-gettext_comment/2
FNDA:0,MACRO-gettext_noop/2
FNDA:0,MACRO-ngettext/4
FNDA:0,MACRO-ngettext/5
FNDA:0,MACRO-ngettext_noop/3
FNDA:0,MACRO-pgettext/3
FNDA:0,MACRO-pgettext/4
FNDA:0,MACRO-pgettext_noop/3
FNDA:0,MACRO-pngettext/5
FNDA:0,MACRO-pngettext/6
FNDA:0,MACRO-pngettext_noop/4
FNDA:2,__gettext__/1
FNDA:0,__mix_recompile__?/0
FNDA:0,en_errors_lgettext/3
FNDA:0,en_errors_lngettext/5
FNDA:0,handle_missing_bindings/2
FNDA:0,handle_missing_plural_translation/7
FNDA:2,handle_missing_translation/5
FNDA:0,lgettext/4
FNDA:2,lgettext/5
FNDA:0,lngettext/6
FNDA:0,lngettext/7
FNF:36
FNH:3
DA:1,2
DA:23,2
LF:2
LH:2
end_of_record
TN:Elixir.MobileAppBackendWeb.HealthController
SF:lib/mobile_app_backend_web/controllers/health_controller.ex
FNDA:0,__phoenix_verify_routes__/1
FNDA:1,action/2
FNDA:1,action (overridable 2)/2
FNDA:1,call/2
FNDA:1,index/2
FNDA:1,init/1
FNDA:1,phoenix_controller_pipeline/2
FNF:7
FNH:6
DA:1,1
DA:6,1
DA:9,1
LF:3
LH:3
end_of_record
TN:Elixir.MobileAppBackendWeb.Layouts
SF:lib/mobile_app_backend_web/components/layouts.ex
FNDA:0,__components__/0
FNDA:0,__mix_recompile__?/0
FNDA:0,__phoenix_component_verify__/1
FNDA:0,__phoenix_verify_routes__/1
FNF:4
FNH:0
DA:1,0
LF:1
LH:0
end_of_record
TN:Elixir.MobileAppBackendWeb.NearbyController
SF:lib/mobile_app_backend_web/controllers/nearby_controller.ex
FNDA:0,__phoenix_verify_routes__/1
FNDA:4,action/2
FNDA:4,action (overridable 2)/2
FNDA:4,call/2
FNDA:168,distance_in_degrees/4
FNDA:4,fetch_alerts/2
FNDA:4,fetch_nearby_stops/3
FNDA:4,fetch_route_patterns/1
FNDA:4,init/1
FNDA:4,miles_to_degrees/1
FNDA:4,phoenix_controller_pipeline/2
FNDA:4,show/2
FNF:12
FNH:11
DA:1,4
DA:2,4
DA:7,4
DA:8,4
DA:9,4
DA:10,4
DA:12,4
DA:14,1
DA:16,3
DA:19,4
DA:23,4
DA:25,4
DA:27,4
DA:31,38
DA:33,84
DA:34,84
DA:48,4
DA:50,4
DA:63,4
DA:76,4
DA:82,4
DA:89,4
DA:97,1229
DA:98,53
DA:100,84
DA:102,4
DA:103,53
DA:109,4
DA:111,4
DA:112,6
DA:113,3
DA:130,168
DA:136,4
LF:33
LH:33
end_of_record
TN:Elixir.MobileAppBackendWeb.PageController
SF:lib/mobile_app_backend_web/controllers/page_controller.ex
FNDA:0,__phoenix_verify_routes__/1
FNDA:1,action/2
FNDA:1,action (overridable 2)/2
FNDA:1,call/2
FNDA:1,home/2
FNDA:1,init/1
FNDA:1,phoenix_controller_pipeline/2
FNF:7
FNH:6
DA:1,1
DA:2,1
DA:7,1
LF:3
LH:3
end_of_record
TN:Elixir.MobileAppBackendWeb.PageHTML
SF:lib/mobile_app_backend_web/controllers/page_html.ex
FNDA:0,__components__/0
FNDA:0,__mix_recompile__?/0
FNDA:0,__phoenix_component_verify__/1
FNDA:0,__phoenix_verify_routes__/1
FNF:4
FNH:0
DA:1,0
LF:1
LH:0
end_of_record
TN:Elixir.MobileAppBackendWeb.PredictionsChannel
SF:lib/mobile_app_backend_web/channels/predictions_channel.ex
FNDA:5,__intercepts__/0
FNDA:5,__socket__/1
FNDA:5,child_spec/1
FNDA:7,handle_info/2
FNDA:5,join/3
FNDA:5,start_link/1
FNDA:1,terminate/2
FNF:7
FNH:7
DA:2,5
DA:8,5
DA:10,5
DA:11,5
DA:14,0
DA:18,0
DA:25,1
DA:30,7
LF:8
LH:6
end_of_record
TN:Elixir.MobileAppBackendWeb.Router
SF:lib/mobile_app_backend_web/router.ex
FNDA:0,__checks__/0
FNDA:0,__forward__/1
FNDA:0,__helpers__/0
FNDA:9,__match_route__/3
FNDA:1,__pipe_through0__/1
FNDA:1,__pipe_through1__/1
FNDA:7,__pipe_through2__/1
FNDA:0,__routes__/0
FNDA:1,__verify_route__/1
FNDA:7,api/2
FNDA:1,browser/2
FNDA:9,prepare/1
FNF:12
FNH:8
DA:1,9
DA:4,1
DA:13,7
DA:20,1
DA:24,1
DA:30,4
DA:31,3
LF:7
LH:7
end_of_record
TN:Elixir.MobileAppBackendWeb.SearchController
SF:lib/mobile_app_backend_web/controllers/search_controller.ex
FNDA:0,__phoenix_verify_routes__/1
FNDA:3,action/2
FNDA:3,action (overridable 2)/2
FNDA:3,call/2
FNDA:3,init/1
FNDA:3,phoenix_controller_pipeline/2
FNDA:3,query/2
FNF:7
FNH:6
DA:1,3
DA:3,3
DA:10,1
DA:14,2
DA:19,2
DA:26,2
DA:28,1
DA:33,1
LF:8
LH:8
end_of_record
TN:Elixir.MobileAppBackendWeb.Telemetry
SF:lib/mobile_app_backend_web/telemetry.ex
FNDA:1,init/1
FNDA:0,metrics/0
FNDA:1,periodic_measurements/0
FNDA:1,start_link/1
FNF:4
FNH:3
DA:10,1
DA:15,1
DA:23,1
DA:26,0
DA:66,1
LF:5
LH:4
end_of_record
TN:Elixir.MobileAppBackendWeb.UserSocket
SF:lib/mobile_app_backend_web/channels/user_socket.ex
FNDA:5,__channel__/1
FNDA:1,child_spec/1
FNDA:5,connect/1
FNDA:5,connect/3
FNDA:1,drainer_spec/1
FNDA:0,handle_in/2
FNDA:0,handle_info/2
FNDA:5,id/1
FNDA:5,init/1
FNDA:0,terminate/2
FNF:10
FNH:7
DA:2,5
DA:28,5
DA:43,5
LF:3
LH:3
end_of_record
TN:Elixir.OpenTripPlannerClient
SF:lib/open_trip_planner_client.ex
FNDA:1,log_response/1
FNDA:1,nearby/3
FNDA:1,nearby/4
FNDA:1,send_request/1
FNDA:0,status_text/1
FNF:5
FNH:4
DA:22,1
DA:23,1
DA:26,1
DA:30,1
DA:31,0
DA:32,1
DA:38,1
DA:39,1
DA:46,0
DA:52,1
DA:59,1
DA:60,1
DA:61,0
DA:64,1
DA:68,0
DA:72,0
LF:16
LH:11
end_of_record
TN:Elixir.OpenTripPlannerClient.Nearby
SF:lib/open_trip_planner_client/nearby.ex
FNDA:1,get_edges/1
FNDA:20,get_stop/1
FNDA:1,graphql_query/0
FNDA:1,parse/1
FNDA:20,parse_edges/1
FNDA:20,parse_stop/1
FNDA:1,request/3
FNF:7
FNH:7
DA:5,1
DA:12,1
DA:13,1
DA:20,1
DA:51,1
DA:52,1
DA:53,0
DA:62,20
DA:63,20
DA:70,0
DA:73,1
DA:74,1
DA:75,0
DA:81,20
DA:82,20
DA:83,0
DA:89,20
DA:90,2
DA:98,2
DA:100,0
DA:101,0
DA:109,18
LF:22
LH:16
end_of_record
TN:Elixir.String.Chars.Test.Support.Data.Request
SF:test/support/data.ex
FNDA:0,__impl__/1
FNDA:1,to_string/1
FNF:2
FNH:1
DA:53,1
DA:54,0
DA:55,0
DA:58,1
LF:4
LH:2
end_of_record
TN:Elixir.Test.Support.Data
SF:test/support/data.ex
FNDA:0,dehydrate_state/1
FNDA:21,flatten_map_entries/1
FNDA:36,handle_call/3
FNDA:3,hydrate_state/1
FNDA:3,init/1
FNDA:17,respond/1
FNDA:18,respond/2
FNDA:17,response_path/1
FNDA:1,start_link/0
FNDA:3,start_link/1
FNDA:20,test_data_path/1
FNDA:0,update_response/3
FNDA:0,warn_untouched/0
FNDA:0,write_new_data/1
FNF:14
FNH:10
DA:83,1
DA:84,3
DA:85,3
DA:86,3
DA:93,17
DA:94,18
DA:96,18
DA:98,18
DA:100,18
DA:102,0
DA:104,0
DA:106,18
DA:107,1
DA:109,1
DA:111,17
DA:112,17
DA:123,0
DA:131,0
DA:136,3
DA:138,3
DA:140,3
DA:141,3
DA:142,3
DA:144,0
DA:154,18
DA:156,1
DA:159,17
DA:160,17
DA:161,17
DA:166,0
DA:167,0
DA:168,0
DA:169,0
DA:172,0
DA:176,0
DA:177,0
DA:180,0
DA:182,0
DA:183,0
DA:184,0
DA:186,0
DA:188,0
DA:189,0
DA:190,0
DA:195,0
DA:196,0
DA:197,0
DA:200,0
DA:202,0
DA:204,0
DA:207,0
DA:208,0
DA:210,0
DA:214,0
DA:215,0
DA:216,0
DA:217,0
DA:222,0
DA:226,18
DA:232,3
DA:238,21
DA:240,18
DA:242,51
DA:248,0
DA:253,0
DA:254,0
DA:259,20
DA:263,17
DA:268,0
DA:270,0
DA:271,0
DA:272,0
DA:273,0
DA:279,0
DA:280,0
DA:281,0
DA:282,0
DA:285,0
DA:288,0
DA:289,0
DA:294,0
DA:296,0
DA:297,0
DA:299,0
DA:302,0
DA:303,0
DA:305,0
DA:308,0
LF:88
LH:31
end_of_record
TN:Elixir.Test.Support.Data.Request
SF:test/support/data.ex
FNDA:1,__struct__/0
FNDA:1,__struct__/1
FNDA:1,from_conn/1
FNF:3
FNH:3
DA:18,1
DA:23,18
DA:24,18
DA:26,18
DA:28,17
DA:29,17
DA:32,1
DA:36,0
DA:39,18
LF:9
LH:8
end_of_record
TN:Elixir.Test.Support.Data.Response
SF:test/support/data.ex
FNDA:5,__struct__/0
FNDA:1,__struct__/1
FNF:2
FNH:2
DA:69,5
LF:1
LH:1
end_of_record
TN:Elixir.Test.Support.Data.State
SF:test/support/data.ex
FNDA:1,__struct__/0
FNDA:1,__struct__/1
FNF:2
FNH:2
DA:77,1
LF:1
LH:1
end_of_record
TN:Elixir.Test.Support.HTTPStub
SF:test/support/http_stub.ex
FNDA:17,request/1
FNF:1
FNH:1
DA:16,17
LF:1
LH:1
end_of_record
TN:Elixir.Test.Support.Helpers
SF:test/support/helpers.ex
FNDA:19,MACRO-reassign_env/4
FNDA:0,MACRO-set_log_level/2
FNF:2
FNH:1
LF:0
LH:0
end_of_record
TN:Elixir.Test.Support.SSEStub
SF:test/support/sse_stub.ex
FNDA:3,get_args/1
FNDA:7,get_from_instance/1
FNDA:3,handle_call/3
FNDA:9,handle_cast/2
FNDA:7,handle_demand/2
FNDA:7,init/1
FNDA:9,push_events/2
FNDA:7,start_link/1
FNF:8
FNH:8
DA:10,7
DA:11,7
DA:19,7
DA:22,14
DA:24,7
DA:32,3
DA:40,9
DA:44,7
DA:50,7
DA:55,3
DA:60,9
LF:11
LH:11
end_of_record
TN:Elixir.Test.Support.Sigils
SF:test/support/sigils.ex
FNDA:32,MACRO-sigil_B/3
FNF:1
FNH:1
LF:0
LH:0
end_of_record
TN:Elixir.Util
SF:lib/util.ex
FNDA:3,MACRO-declare_enum/3
FNDA:2,enum_values/2
FNDA:579,parse_datetime!/1
FNDA:304,parse_optional_datetime!/1
FNDA:11,type_union/1
FNDA:16,typeof/1
FNF:6
FNH:6
DA:95,3
DA:96,3
DA:98,3
DA:100,8
DA:104,3
DA:106,8
DA:110,3
DA:111,3
DA:112,3
DA:113,3
DA:114,3
DA:115,3
DA:117,3
DA:119,8
DA:124,8
DA:127,3
DA:129,8
DA:134,8
DA:137,3
DA:138,3
DA:156,11
DA:171,2
DA:172,1
DA:173,1
DA:187,579
DA:188,579
DA:204,5
DA:205,299
DA:227,8
LF:29
LH:29
end_of_record
